<?xml version="1.0" encoding="UTF-8"?>
<testsuite xmlns:xsi="http://www.w3.org/2001/XMLSchema-instance" xsi:noNamespaceSchemaLocation="https://maven.apache.org/surefire/maven-surefire-plugin/xsd/surefire-test-report.xsd" name="com.stackroute.CalculatorTest" time="0.667" tests="12" errors="0" skipped="1" failures="0">
  <properties>
[...]
</properties>
  <testcase name="shouldReturnSumOfTheTwoNumbers" classname="com.stackroute.CalculatorTest" time="0">
    <skipped message="public void com.stackroute.CalculatorTest.shouldReturnSumOfTheTwoNumbers() is @Disabled"/>
  </testcase>
  <testcase name="checkNumberShouldnotbeNegativeValue" classname="com.stackroute.CalculatorTest" time="0.02"/>
  <testcase name="shouldReturnWelcomeMessage" classname="com.stackroute.CalculatorTest" time="0.002"/>
  <testcase name="shoudlReturnLenghtOfText" classname="com.stackroute.CalculatorTest" time="0.001"/>
  <testcase name="ShouldReturnSizeofList" classname="com.stackroute.CalculatorTest" time="0.552"/>
  <testcase name="ShoudlReturnOddValues{int}[1]" classname="com.stackroute.CalculatorTest" time="0.026"/>
  <testcase name="ShoudlReturnOddValues{int}[2]" classname="com.stackroute.CalculatorTest" time="0.001"/>
  <testcase name="ShoudlReturnOddValues{int}[3]" classname="com.stackroute.CalculatorTest" time="0"/>
  <testcase name="ShoudlReturnOddValues{int}[4]" classname="com.stackroute.CalculatorTest" time="0.001"/>
  <testcase name="ShoudlReturnOddValues{int}[5]" classname="com.stackroute.CalculatorTest" time="0"/>
  <testcase name="ShoudlReturnOddValues{int}[6]" classname="com.stackroute.CalculatorTest" time="0.001"/>
  <testcase name="CheckTestCasePass" classname="com.stackroute.CalculatorTest" time="0.002"/>
</testsuite>